Flow report for fingerprint
Mon Aug 05 19:28:51 2019
Quartus Prime Version 16.1.0 Build 196 10/24/2016 SJ Lite Edition


---------------------
; Table of Contents ;
---------------------
  1. Legal Notice
  2. Flow Summary
  3. Flow Settings
  4. Flow Non-Default Global Settings
  5. Flow Elapsed Time
  6. Flow OS Summary
  7. Flow Log
  8. Flow Messages
  9. Flow Suppressed Messages



----------------
; Legal Notice ;
----------------
Copyright (C) 2016  Intel Corporation. All rights reserved.
Your use of Intel Corporation's design tools, logic functions 
and other software and tools, and its AMPP partner logic 
functions, and any output files from any of the foregoing 
(including device programming or simulation files), and any 
associated documentation or information are expressly subject 
to the terms and conditions of the Intel Program License 
Subscription Agreement, the Intel Quartus Prime License Agreement,
the Intel MegaCore Function License Agreement, or other 
applicable license agreement, including, without limitation, 
that your use is for the sole purpose of programming logic 
devices manufactured by Intel and sold by Intel or its 
authorized distributors.  Please refer to the applicable 
agreement for further details.



+----------------------------------------------------------------------------------+
; Flow Summary                                                                     ;
+------------------------------------+---------------------------------------------+
; Flow Status                        ; Successful - Mon Aug 05 19:28:44 2019       ;
; Quartus Prime Version              ; 16.1.0 Build 196 10/24/2016 SJ Lite Edition ;
; Revision Name                      ; fingerprint                                 ;
; Top-level Entity Name              ; project_bdf                                 ;
; Family                             ; MAX 10                                      ;
; Device                             ; 10M50DAF484C7G                              ;
; Timing Models                      ; Final                                       ;
; Total logic elements               ; 4,358 / 49,760 ( 9 % )                      ;
;     Total combinational functions  ; 3,883 / 49,760 ( 8 % )                      ;
;     Dedicated logic registers      ; 2,567 / 49,760 ( 5 % )                      ;
; Total registers                    ; 2567                                        ;
; Total pins                         ; 76 / 360 ( 21 % )                           ;
; Total virtual pins                 ; 0                                           ;
; Total memory bits                  ; 673,440 / 1,677,312 ( 40 % )                ;
; Embedded Multiplier 9-bit elements ; 6 / 288 ( 2 % )                             ;
; Total PLLs                         ; 0 / 4 ( 0 % )                               ;
; UFM blocks                         ; 0 / 1 ( 0 % )                               ;
; ADC blocks                         ; 0 / 2 ( 0 % )                               ;
+------------------------------------+---------------------------------------------+


+-----------------------------------------+
; Flow Settings                           ;
+-------------------+---------------------+
; Option            ; Setting             ;
+-------------------+---------------------+
; Start date & time ; 08/05/2019 19:27:32 ;
; Main task         ; Compilation         ;
; Revision Name     ; fingerprint         ;
+-------------------+---------------------+


+----------------------------------------------------------------------------------------------------------------------------------------------------+
; Flow Non-Default Global Settings                                                                                                                   ;
+-------------------------------------+-----------------------------------------------------------------+---------------+---------------+------------+
; Assignment Name                     ; Value                                                           ; Default Value ; Entity Name   ; Section Id ;
+-------------------------------------+-----------------------------------------------------------------+---------------+---------------+------------+
; COMPILER_SIGNATURE_ID               ; 163519838480577.156505485212016                                 ; --            ; --            ; --         ;
; MAX_CORE_JUNCTION_TEMP              ; 85                                                              ; --            ; --            ; --         ;
; MIN_CORE_JUNCTION_TEMP              ; 0                                                               ; --            ; --            ; --         ;
; MISC_FILE                           ; prj_processor/synthesis/../prj_processor.cmp                    ; --            ; --            ; --         ;
; MISC_FILE                           ; prj_processor/synthesis/../../prj_processor.qsys                ; --            ; --            ; --         ;
; PARTITION_COLOR                     ; -- (Not supported for targeted family)                          ; --            ; project_bdf   ; Top        ;
; PARTITION_FITTER_PRESERVATION_LEVEL ; -- (Not supported for targeted family)                          ; --            ; project_bdf   ; Top        ;
; PARTITION_NETLIST_TYPE              ; -- (Not supported for targeted family)                          ; --            ; project_bdf   ; Top        ;
; POWER_BOARD_THERMAL_MODEL           ; None (CONSERVATIVE)                                             ; --            ; --            ; --         ;
; POWER_PRESET_COOLING_SOLUTION       ; 23 MM HEAT SINK WITH 200 LFPM AIRFLOW                           ; --            ; --            ; --         ;
; PROJECT_OUTPUT_DIRECTORY            ; output_files                                                    ; --            ; --            ; --         ;
; SLD_FILE                            ; prj_processor/synthesis/prj_processor.regmap                    ; --            ; --            ; --         ;
; SLD_FILE                            ; prj_processor/synthesis/prj_processor.debuginfo                 ; --            ; --            ; --         ;
; SLD_INFO                            ; QSYS_NAME prj_processor HAS_SOPCINFO 1 GENERATION_ID 1565053868 ; --            ; prj_processor ; --         ;
; SOPCINFO_FILE                       ; prj_processor/synthesis/../../prj_processor.sopcinfo            ; --            ; --            ; --         ;
; SYNTHESIS_ONLY_QIP                  ; On                                                              ; --            ; --            ; --         ;
; TOP_LEVEL_ENTITY                    ; project_bdf                                                     ; fingerprint   ; --            ; --         ;
+-------------------------------------+-----------------------------------------------------------------+---------------+---------------+------------+


+-------------------------------------------------------------------------------------------------------------------------------+
; Flow Elapsed Time                                                                                                             ;
+---------------------------+--------------+-------------------------+---------------------+------------------------------------+
; Module Name               ; Elapsed Time ; Average Processors Used ; Peak Virtual Memory ; Total CPU Time (on all processors) ;
+---------------------------+--------------+-------------------------+---------------------+------------------------------------+
; Analysis & Synthesis      ; 00:00:41     ; 1.0                     ; 5005 MB             ; 00:01:01                           ;
; Fitter                    ; 00:00:22     ; 1.5                     ; 5729 MB             ; 00:00:37                           ;
; Assembler                 ; 00:00:03     ; 1.0                     ; 4707 MB             ; 00:00:03                           ;
; TimeQuest Timing Analyzer ; 00:00:05     ; 2.1                     ; 4886 MB             ; 00:00:11                           ;
; Total                     ; 00:01:11     ; --                      ; --                  ; 00:01:52                           ;
+---------------------------+--------------+-------------------------+---------------------+------------------------------------+


+-----------------------------------------------------------------------------------------+
; Flow OS Summary                                                                         ;
+---------------------------+------------------+------------+------------+----------------+
; Module Name               ; Machine Hostname ; OS Name    ; OS Version ; Processor type ;
+---------------------------+------------------+------------+------------+----------------+
; Analysis & Synthesis      ; WacBook          ; Windows 10 ; 10.0       ; x86_64         ;
; Fitter                    ; WacBook          ; Windows 10 ; 10.0       ; x86_64         ;
; Assembler                 ; WacBook          ; Windows 10 ; 10.0       ; x86_64         ;
; TimeQuest Timing Analyzer ; WacBook          ; Windows 10 ; 10.0       ; x86_64         ;
+---------------------------+------------------+------------+------------+----------------+


------------
; Flow Log ;
------------
quartus_map --read_settings_files=on --write_settings_files=off fingerprint -c fingerprint
quartus_fit --read_settings_files=off --write_settings_files=off fingerprint -c fingerprint
quartus_asm --read_settings_files=off --write_settings_files=off fingerprint -c fingerprint
quartus_sta fingerprint -c fingerprint



